  Building Custom Rule C:/Users/kikih/Documents/GitHub/INFOMGP-Practical3/libigl/external/tetgen/CMakeLists.txt
  tetgen.cxx
C:\Users\kikih\Documents\GitHub\INFOMGP-Practical3\libigl\external\tetgen\tetgen.cxx(202,3): warning C4996: 'strcpy': This function or variable may be unsafe. Consider using strcpy_s instead. To disable deprecation, use _CRT_SECURE_NO_WARNINGS. See online help for details.
C:\Program Files (x86)\Windows Kits\10\Include\10.0.18362.0\ucrt\string.h(133): message : see declaration of 'strcpy'
C:\Users\kikih\Documents\GitHub\INFOMGP-Practical3\libigl\external\tetgen\tetgen.cxx(203,3): warning C4996: 'strcat': This function or variable may be unsafe. Consider using strcat_s instead. To disable deprecation, use _CRT_SECURE_NO_WARNINGS. See online help for details.
C:\Program Files (x86)\Windows Kits\10\Include\10.0.18362.0\ucrt\string.h(90): message : see declaration of 'strcat'
C:\Users\kikih\Documents\GitHub\INFOMGP-Practical3\libigl\external\tetgen\tetgen.cxx(206,1): warning C4996: 'fopen': This function or variable may be unsafe. Consider using fopen_s instead. To disable deprecation, use _CRT_SECURE_NO_WARNINGS. See online help for details.
C:\Program Files (x86)\Windows Kits\10\Include\10.0.18362.0\ucrt\stdio.h(208): message : see declaration of 'fopen'
C:\Users\kikih\Documents\GitHub\INFOMGP-Practical3\libigl\external\tetgen\tetgen.cxx(279,3): warning C4996: 'strcpy': This function or variable may be unsafe. Consider using strcpy_s instead. To disable deprecation, use _CRT_SECURE_NO_WARNINGS. See online help for details.
C:\Program Files (x86)\Windows Kits\10\Include\10.0.18362.0\ucrt\string.h(133): message : see declaration of 'strcpy'
C:\Users\kikih\Documents\GitHub\INFOMGP-Practical3\libigl\external\tetgen\tetgen.cxx(280,3): warning C4996: 'strcat': This function or variable may be unsafe. Consider using strcat_s instead. To disable deprecation, use _CRT_SECURE_NO_WARNINGS. See online help for details.
C:\Program Files (x86)\Windows Kits\10\Include\10.0.18362.0\ucrt\string.h(90): message : see declaration of 'strcat'
C:\Users\kikih\Documents\GitHub\INFOMGP-Practical3\libigl\external\tetgen\tetgen.cxx(282,1): warning C4996: 'fopen': This function or variable may be unsafe. Consider using fopen_s instead. To disable deprecation, use _CRT_SECURE_NO_WARNINGS. See online help for details.
C:\Program Files (x86)\Windows Kits\10\Include\10.0.18362.0\ucrt\stdio.h(208): message : see declaration of 'fopen'
C:\Users\kikih\Documents\GitHub\INFOMGP-Practical3\libigl\external\tetgen\tetgen.cxx(361,3): warning C4996: 'strcpy': This function or variable may be unsafe. Consider using strcpy_s instead. To disable deprecation, use _CRT_SECURE_NO_WARNINGS. See online help for details.
C:\Program Files (x86)\Windows Kits\10\Include\10.0.18362.0\ucrt\string.h(133): message : see declaration of 'strcpy'
C:\Users\kikih\Documents\GitHub\INFOMGP-Practical3\libigl\external\tetgen\tetgen.cxx(362,3): warning C4996: 'strcat': This function or variable may be unsafe. Consider using strcat_s instead. To disable deprecation, use _CRT_SECURE_NO_WARNINGS. See online help for details.
C:\Program Files (x86)\Windows Kits\10\Include\10.0.18362.0\ucrt\string.h(90): message : see declaration of 'strcat'
C:\Users\kikih\Documents\GitHub\INFOMGP-Practical3\libigl\external\tetgen\tetgen.cxx(364,1): warning C4996: 'fopen': This function or variable may be unsafe. Consider using fopen_s instead. To disable deprecation, use _CRT_SECURE_NO_WARNINGS. See online help for details.
C:\Program Files (x86)\Windows Kits\10\Include\10.0.18362.0\ucrt\stdio.h(208): message : see declaration of 'fopen'
C:\Users\kikih\Documents\GitHub\INFOMGP-Practical3\libigl\external\tetgen\tetgen.cxx(457,3): warning C4996: 'strcpy': This function or variable may be unsafe. Consider using strcpy_s instead. To disable deprecation, use _CRT_SECURE_NO_WARNINGS. See online help for details.
C:\Program Files (x86)\Windows Kits\10\Include\10.0.18362.0\ucrt\string.h(133): message : see declaration of 'strcpy'
C:\Users\kikih\Documents\GitHub\INFOMGP-Practical3\libigl\external\tetgen\tetgen.cxx(458,3): warning C4996: 'strcat': This function or variable may be unsafe. Consider using strcat_s instead. To disable deprecation, use _CRT_SECURE_NO_WARNINGS. See online help for details.
C:\Program Files (x86)\Windows Kits\10\Include\10.0.18362.0\ucrt\string.h(90): message : see declaration of 'strcat'
C:\Users\kikih\Documents\GitHub\INFOMGP-Practical3\libigl\external\tetgen\tetgen.cxx(460,1): warning C4996: 'fopen': This function or variable may be unsafe. Consider using fopen_s instead. To disable deprecation, use _CRT_SECURE_NO_WARNINGS. See online help for details.
C:\Program Files (x86)\Windows Kits\10\Include\10.0.18362.0\ucrt\stdio.h(208): message : see declaration of 'fopen'
C:\Users\kikih\Documents\GitHub\INFOMGP-Practical3\libigl\external\tetgen\tetgen.cxx(564,3): warning C4996: 'strcpy': This function or variable may be unsafe. Consider using strcpy_s instead. To disable deprecation, use _CRT_SECURE_NO_WARNINGS. See online help for details.
C:\Program Files (x86)\Windows Kits\10\Include\10.0.18362.0\ucrt\string.h(133): message : see declaration of 'strcpy'
C:\Users\kikih\Documents\GitHub\INFOMGP-Practical3\libigl\external\tetgen\tetgen.cxx(565,3): warning C4996: 'strcat': This function or variable may be unsafe. Consider using strcat_s instead. To disable deprecation, use _CRT_SECURE_NO_WARNINGS. See online help for details.
C:\Program Files (x86)\Windows Kits\10\Include\10.0.18362.0\ucrt\string.h(90): message : see declaration of 'strcat'
C:\Users\kikih\Documents\GitHub\INFOMGP-Practical3\libigl\external\tetgen\tetgen.cxx(578,5): warning C4996: 'strcpy': This function or variable may be unsafe. Consider using strcpy_s instead. To disable deprecation, use _CRT_SECURE_NO_WARNINGS. See online help for details.
C:\Program Files (x86)\Windows Kits\10\Include\10.0.18362.0\ucrt\string.h(133): message : see declaration of 'strcpy'
C:\Users\kikih\Documents\GitHub\INFOMGP-Practical3\libigl\external\tetgen\tetgen.cxx(579,5): warning C4996: 'strcat': This function or variable may be unsafe. Consider using strcat_s instead. To disable deprecation, use _CRT_SECURE_NO_WARNINGS. See online help for details.
C:\Program Files (x86)\Windows Kits\10\Include\10.0.18362.0\ucrt\string.h(90): message : see declaration of 'strcat'
C:\Users\kikih\Documents\GitHub\INFOMGP-Practical3\libigl\external\tetgen\tetgen.cxx(567,1): warning C4996: 'fopen': This function or variable may be unsafe. Consider using fopen_s instead. To disable deprecation, use _CRT_SECURE_NO_WARNINGS. See online help for details.
C:\Program Files (x86)\Windows Kits\10\Include\10.0.18362.0\ucrt\stdio.h(208): message : see declaration of 'fopen'
C:\Users\kikih\Documents\GitHub\INFOMGP-Practical3\libigl\external\tetgen\tetgen.cxx(625,3): warning C4996: 'strcpy': This function or variable may be unsafe. Consider using strcpy_s instead. To disable deprecation, use _CRT_SECURE_NO_WARNINGS. See online help for details.
C:\Program Files (x86)\Windows Kits\10\Include\10.0.18362.0\ucrt\string.h(133): message : see declaration of 'strcpy'
C:\Users\kikih\Documents\GitHub\INFOMGP-Practical3\libigl\external\tetgen\tetgen.cxx(626,3): warning C4996: 'strcat': This function or variable may be unsafe. Consider using strcat_s instead. To disable deprecation, use _CRT_SECURE_NO_WARNINGS. See online help for details.
C:\Program Files (x86)\Windows Kits\10\Include\10.0.18362.0\ucrt\string.h(90): message : see declaration of 'strcat'
C:\Users\kikih\Documents\GitHub\INFOMGP-Practical3\libigl\external\tetgen\tetgen.cxx(627,1): warning C4996: 'fopen': This function or variable may be unsafe. Consider using fopen_s instead. To disable deprecation, use _CRT_SECURE_NO_WARNINGS. See online help for details.
C:\Program Files (x86)\Windows Kits\10\Include\10.0.18362.0\ucrt\stdio.h(208): message : see declaration of 'fopen'
C:\Users\kikih\Documents\GitHub\INFOMGP-Practical3\libigl\external\tetgen\tetgen.cxx(747,3): warning C4996: 'strcpy': This function or variable may be unsafe. Consider using strcpy_s instead. To disable deprecation, use _CRT_SECURE_NO_WARNINGS. See online help for details.
C:\Program Files (x86)\Windows Kits\10\Include\10.0.18362.0\ucrt\string.h(133): message : see declaration of 'strcpy'
C:\Users\kikih\Documents\GitHub\INFOMGP-Practical3\libigl\external\tetgen\tetgen.cxx(748,3): warning C4996: 'strcat': This function or variable may be unsafe. Consider using strcat_s instead. To disable deprecation, use _CRT_SECURE_NO_WARNINGS. See online help for details.
C:\Program Files (x86)\Windows Kits\10\Include\10.0.18362.0\ucrt\string.h(90): message : see declaration of 'strcat'
C:\Users\kikih\Documents\GitHub\INFOMGP-Practical3\libigl\external\tetgen\tetgen.cxx(749,1): warning C4996: 'fopen': This function or variable may be unsafe. Consider using fopen_s instead. To disable deprecation, use _CRT_SECURE_NO_WARNINGS. See online help for details.
C:\Program Files (x86)\Windows Kits\10\Include\10.0.18362.0\ucrt\stdio.h(208): message : see declaration of 'fopen'
C:\Users\kikih\Documents\GitHub\INFOMGP-Practical3\libigl\external\tetgen\tetgen.cxx(821,3): warning C4996: 'strcpy': This function or variable may be unsafe. Consider using strcpy_s instead. To disable deprecation, use _CRT_SECURE_NO_WARNINGS. See online help for details.
C:\Program Files (x86)\Windows Kits\10\Include\10.0.18362.0\ucrt\string.h(133): message : see declaration of 'strcpy'
C:\Users\kikih\Documents\GitHub\INFOMGP-Practical3\libigl\external\tetgen\tetgen.cxx(822,3): warning C4996: 'strcpy': This function or variable may be unsafe. Consider using strcpy_s instead. To disable deprecation, use _CRT_SECURE_NO_WARNINGS. See online help for details.
C:\Program Files (x86)\Windows Kits\10\Include\10.0.18362.0\ucrt\string.h(133): message : see declaration of 'strcpy'
C:\Users\kikih\Documents\GitHub\INFOMGP-Practical3\libigl\external\tetgen\tetgen.cxx(823,3): warning C4996: 'strcat': This function or variable may be unsafe. Consider using strcat_s instead. To disable deprecation, use _CRT_SECURE_NO_WARNINGS. See online help for details.
C:\Program Files (x86)\Windows Kits\10\Include\10.0.18362.0\ucrt\string.h(90): message : see declaration of 'strcat'
C:\Users\kikih\Documents\GitHub\INFOMGP-Practical3\libigl\external\tetgen\tetgen.cxx(824,3): warning C4996: 'strcat': This function or variable may be unsafe. Consider using strcat_s instead. To disable deprecation, use _CRT_SECURE_NO_WARNINGS. See online help for details.
C:\Program Files (x86)\Windows Kits\10\Include\10.0.18362.0\ucrt\string.h(90): message : see declaration of 'strcat'
C:\Users\kikih\Documents\GitHub\INFOMGP-Practical3\libigl\external\tetgen\tetgen.cxx(829,1): warning C4996: 'fopen': This function or variable may be unsafe. Consider using fopen_s instead. To disable deprecation, use _CRT_SECURE_NO_WARNINGS. See online help for details.
C:\Program Files (x86)\Windows Kits\10\Include\10.0.18362.0\ucrt\stdio.h(208): message : see declaration of 'fopen'
C:\Users\kikih\Documents\GitHub\INFOMGP-Practical3\libigl\external\tetgen\tetgen.cxx(832,1): warning C4996: 'fopen': This function or variable may be unsafe. Consider using fopen_s instead. To disable deprecation, use _CRT_SECURE_NO_WARNINGS. See online help for details.
C:\Program Files (x86)\Windows Kits\10\Include\10.0.18362.0\ucrt\stdio.h(208): message : see declaration of 'fopen'
C:\Users\kikih\Documents\GitHub\INFOMGP-Practical3\libigl\external\tetgen\tetgen.cxx(1238,5): warning C4996: 'strcat': This function or variable may be unsafe. Consider using strcat_s instead. To disable deprecation, use _CRT_SECURE_NO_WARNINGS. See online help for details.
C:\Program Files (x86)\Windows Kits\10\Include\10.0.18362.0\ucrt\string.h(90): message : see declaration of 'strcat'
C:\Users\kikih\Documents\GitHub\INFOMGP-Practical3\libigl\external\tetgen\tetgen.cxx(1231,1): warning C4996: 'strncpy': This function or variable may be unsafe. Consider using strncpy_s instead. To disable deprecation, use _CRT_SECURE_NO_WARNINGS. See online help for details.
C:\Program Files (x86)\Windows Kits\10\Include\10.0.18362.0\ucrt\string.h(338): message : see declaration of 'strncpy'
C:\Users\kikih\Documents\GitHub\INFOMGP-Practical3\libigl\external\tetgen\tetgen.cxx(1241,1): warning C4996: 'fopen': This function or variable may be unsafe. Consider using fopen_s instead. To disable deprecation, use _CRT_SECURE_NO_WARNINGS. See online help for details.
C:\Program Files (x86)\Windows Kits\10\Include\10.0.18362.0\ucrt\stdio.h(208): message : see declaration of 'fopen'
C:\Users\kikih\Documents\GitHub\INFOMGP-Practical3\libigl\external\tetgen\tetgen.cxx(1259,1): warning C4996: 'sscanf': This function or variable may be unsafe. Consider using sscanf_s instead. To disable deprecation, use _CRT_SECURE_NO_WARNINGS. See online help for details.
C:\Program Files (x86)\Windows Kits\10\Include\10.0.18362.0\ucrt\stdio.h(2263): message : see declaration of 'sscanf'
C:\Users\kikih\Documents\GitHub\INFOMGP-Practical3\libigl\external\tetgen\tetgen.cxx(1400,5): warning C4996: 'strcat': This function or variable may be unsafe. Consider using strcat_s instead. To disable deprecation, use _CRT_SECURE_NO_WARNINGS. See online help for details.
C:\Program Files (x86)\Windows Kits\10\Include\10.0.18362.0\ucrt\string.h(90): message : see declaration of 'strcat'
C:\Users\kikih\Documents\GitHub\INFOMGP-Practical3\libigl\external\tetgen\tetgen.cxx(1393,1): warning C4996: 'strncpy': This function or variable may be unsafe. Consider using strncpy_s instead. To disable deprecation, use _CRT_SECURE_NO_WARNINGS. See online help for details.
C:\Program Files (x86)\Windows Kits\10\Include\10.0.18362.0\ucrt\string.h(338): message : see declaration of 'strncpy'
C:\Users\kikih\Documents\GitHub\INFOMGP-Practical3\libigl\external\tetgen\tetgen.cxx(1403,1): warning C4996: 'fopen': This function or variable may be unsafe. Consider using fopen_s instead. To disable deprecation, use _CRT_SECURE_NO_WARNINGS. See online help for details.
C:\Program Files (x86)\Windows Kits\10\Include\10.0.18362.0\ucrt\stdio.h(208): message : see declaration of 'fopen'
C:\Users\kikih\Documents\GitHub\INFOMGP-Practical3\libigl\external\tetgen\tetgen.cxx(1628,5): warning C4996: 'strcat': This function or variable may be unsafe. Consider using strcat_s instead. To disable deprecation, use _CRT_SECURE_NO_WARNINGS. See online help for details.
C:\Program Files (x86)\Windows Kits\10\Include\10.0.18362.0\ucrt\string.h(90): message : see declaration of 'strcat'
C:\Users\kikih\Documents\GitHub\INFOMGP-Practical3\libigl\external\tetgen\tetgen.cxx(1621,1): warning C4996: 'strncpy': This function or variable may be unsafe. Consider using strncpy_s instead. To disable deprecation, use _CRT_SECURE_NO_WARNINGS. See online help for details.
C:\Program Files (x86)\Windows Kits\10\Include\10.0.18362.0\ucrt\string.h(338): message : see declaration of 'strncpy'
C:\Users\kikih\Documents\GitHub\INFOMGP-Practical3\libigl\external\tetgen\tetgen.cxx(1631,1): warning C4996: 'fopen': This function or variable may be unsafe. Consider using fopen_s instead. To disable deprecation, use _CRT_SECURE_NO_WARNINGS. See online help for details.
C:\Program Files (x86)\Windows Kits\10\Include\10.0.18362.0\ucrt\stdio.h(208): message : see declaration of 'fopen'
C:\Users\kikih\Documents\GitHub\INFOMGP-Practical3\libigl\external\tetgen\tetgen.cxx(1806,5): warning C4996: 'strcat': This function or variable may be unsafe. Consider using strcat_s instead. To disable deprecation, use _CRT_SECURE_NO_WARNINGS. See online help for details.
C:\Program Files (x86)\Windows Kits\10\Include\10.0.18362.0\ucrt\string.h(90): message : see declaration of 'strcat'
C:\Users\kikih\Documents\GitHub\INFOMGP-Practical3\libigl\external\tetgen\tetgen.cxx(1799,1): warning C4996: 'strncpy': This function or variable may be unsafe. Consider using strncpy_s instead. To disable deprecation, use _CRT_SECURE_NO_WARNINGS. See online help for details.
C:\Program Files (x86)\Windows Kits\10\Include\10.0.18362.0\ucrt\string.h(338): message : see declaration of 'strncpy'
C:\Users\kikih\Documents\GitHub\INFOMGP-Practical3\libigl\external\tetgen\tetgen.cxx(1809,1): warning C4996: 'fopen': This function or variable may be unsafe. Consider using fopen_s instead. To disable deprecation, use _CRT_SECURE_NO_WARNINGS. See online help for details.
C:\Program Files (x86)\Windows Kits\10\Include\10.0.18362.0\ucrt\stdio.h(208): message : see declaration of 'fopen'
C:\Users\kikih\Documents\GitHub\INFOMGP-Practical3\libigl\external\tetgen\tetgen.cxx(2166,5): warning C4996: 'strcat': This function or variable may be unsafe. Consider using strcat_s instead. To disable deprecation, use _CRT_SECURE_NO_WARNINGS. See online help for details.
C:\Program Files (x86)\Windows Kits\10\Include\10.0.18362.0\ucrt\string.h(90): message : see declaration of 'strcat'
C:\Users\kikih\Documents\GitHub\INFOMGP-Practical3\libigl\external\tetgen\tetgen.cxx(2176,3): warning C4996: 'strcpy': This function or variable may be unsafe. Consider using strcpy_s instead. To disable deprecation, use _CRT_SECURE_NO_WARNINGS. See online help for details.
C:\Program Files (x86)\Windows Kits\10\Include\10.0.18362.0\ucrt\string.h(133): message : see declaration of 'strcpy'
C:\Users\kikih\Documents\GitHub\INFOMGP-Practical3\libigl\external\tetgen\tetgen.cxx(2186,7): warning C4996: 'strcpy': This function or variable may be unsafe. Consider using strcpy_s instead. To disable deprecation, use _CRT_SECURE_NO_WARNINGS. See online help for details.
C:\Program Files (x86)\Windows Kits\10\Include\10.0.18362.0\ucrt\string.h(133): message : see declaration of 'strcpy'
C:\Users\kikih\Documents\GitHub\INFOMGP-Practical3\libigl\external\tetgen\tetgen.cxx(2159,1): warning C4996: 'strncpy': This function or variable may be unsafe. Consider using strncpy_s instead. To disable deprecation, use _CRT_SECURE_NO_WARNINGS. See online help for details.
C:\Program Files (x86)\Windows Kits\10\Include\10.0.18362.0\ucrt\string.h(338): message : see declaration of 'strncpy'
C:\Users\kikih\Documents\GitHub\INFOMGP-Practical3\libigl\external\tetgen\tetgen.cxx(2168,1): warning C4996: 'fopen': This function or variable may be unsafe. Consider using fopen_s instead. To disable deprecation, use _CRT_SECURE_NO_WARNINGS. See online help for details.
C:\Program Files (x86)\Windows Kits\10\Include\10.0.18362.0\ucrt\stdio.h(208): message : see declaration of 'fopen'
C:\Users\kikih\Documents\GitHub\INFOMGP-Practical3\libigl\external\tetgen\tetgen.cxx(2184,1): warning C4996: 'sscanf': This function or variable may be unsafe. Consider using sscanf_s instead. To disable deprecation, use _CRT_SECURE_NO_WARNINGS. See online help for details.
C:\Program Files (x86)\Windows Kits\10\Include\10.0.18362.0\ucrt\stdio.h(2263): message : see declaration of 'sscanf'
C:\Users\kikih\Documents\GitHub\INFOMGP-Practical3\libigl\external\tetgen\tetgen.cxx(2190,1): warning C4996: 'sscanf': This function or variable may be unsafe. Consider using sscanf_s instead. To disable deprecation, use _CRT_SECURE_NO_WARNINGS. See online help for details.
C:\Program Files (x86)\Windows Kits\10\Include\10.0.18362.0\ucrt\stdio.h(2263): message : see declaration of 'sscanf'
C:\Users\kikih\Documents\GitHub\INFOMGP-Practical3\libigl\external\tetgen\tetgen.cxx(2253,1): warning C4996: 'sscanf': This function or variable may be unsafe. Consider using sscanf_s instead. To disable deprecation, use _CRT_SECURE_NO_WARNINGS. See online help for details.
C:\Program Files (x86)\Windows Kits\10\Include\10.0.18362.0\ucrt\stdio.h(2263): message : see declaration of 'sscanf'
C:\Users\kikih\Documents\GitHub\INFOMGP-Practical3\libigl\external\tetgen\tetgen.cxx(2462,1): warning C4996: 'sprintf': This function or variable may be unsafe. Consider using sprintf_s instead. To disable deprecation, use _CRT_SECURE_NO_WARNINGS. See online help for details.
C:\Program Files (x86)\Windows Kits\10\Include\10.0.18362.0\ucrt\stdio.h(1774): message : see declaration of 'sprintf'
C:\Users\kikih\Documents\GitHub\INFOMGP-Practical3\libigl\external\tetgen\tetgen.cxx(2464,1): warning C4996: 'fopen': This function or variable may be unsafe. Consider using fopen_s instead. To disable deprecation, use _CRT_SECURE_NO_WARNINGS. See online help for details.
C:\Program Files (x86)\Windows Kits\10\Include\10.0.18362.0\ucrt\stdio.h(208): message : see declaration of 'fopen'
C:\Users\kikih\Documents\GitHub\INFOMGP-Practical3\libigl\external\tetgen\tetgen.cxx(2488,1): warning C4996: 'sprintf': This function or variable may be unsafe. Consider using sprintf_s instead. To disable deprecation, use _CRT_SECURE_NO_WARNINGS. See online help for details.
C:\Program Files (x86)\Windows Kits\10\Include\10.0.18362.0\ucrt\stdio.h(1774): message : see declaration of 'sprintf'
C:\Users\kikih\Documents\GitHub\INFOMGP-Practical3\libigl\external\tetgen\tetgen.cxx(2490,1): warning C4996: 'fopen': This function or variable may be unsafe. Consider using fopen_s instead. To disable deprecation, use _CRT_SECURE_NO_WARNINGS. See online help for details.
C:\Program Files (x86)\Windows Kits\10\Include\10.0.18362.0\ucrt\stdio.h(208): message : see declaration of 'fopen'
C:\Users\kikih\Documents\GitHub\INFOMGP-Practical3\libigl\external\tetgen\tetgen.cxx(2514,1): warning C4996: 'sprintf': This function or variable may be unsafe. Consider using sprintf_s instead. To disable deprecation, use _CRT_SECURE_NO_WARNINGS. See online help for details.
C:\Program Files (x86)\Windows Kits\10\Include\10.0.18362.0\ucrt\stdio.h(1774): message : see declaration of 'sprintf'
C:\Users\kikih\Documents\GitHub\INFOMGP-Practical3\libigl\external\tetgen\tetgen.cxx(2516,1): warning C4996: 'fopen': This function or variable may be unsafe. Consider using fopen_s instead. To disable deprecation, use _CRT_SECURE_NO_WARNINGS. See online help for details.
C:\Program Files (x86)\Windows Kits\10\Include\10.0.18362.0\ucrt\stdio.h(208): message : see declaration of 'fopen'
C:\Users\kikih\Documents\GitHub\INFOMGP-Practical3\libigl\external\tetgen\tetgen.cxx(2561,1): warning C4996: 'sprintf': This function or variable may be unsafe. Consider using sprintf_s instead. To disable deprecation, use _CRT_SECURE_NO_WARNINGS. See online help for details.
C:\Program Files (x86)\Windows Kits\10\Include\10.0.18362.0\ucrt\stdio.h(1774): message : see declaration of 'sprintf'
C:\Users\kikih\Documents\GitHub\INFOMGP-Practical3\libigl\external\tetgen\tetgen.cxx(2563,1): warning C4996: 'fopen': This function or variable may be unsafe. Consider using fopen_s instead. To disable deprecation, use _CRT_SECURE_NO_WARNINGS. See online help for details.
C:\Program Files (x86)\Windows Kits\10\Include\10.0.18362.0\ucrt\stdio.h(208): message : see declaration of 'fopen'
C:\Users\kikih\Documents\GitHub\INFOMGP-Practical3\libigl\external\tetgen\tetgen.cxx(2590,1): warning C4996: 'sprintf': This function or variable may be unsafe. Consider using sprintf_s instead. To disable deprecation, use _CRT_SECURE_NO_WARNINGS. See online help for details.
C:\Program Files (x86)\Windows Kits\10\Include\10.0.18362.0\ucrt\stdio.h(1774): message : see declaration of 'sprintf'
C:\Users\kikih\Documents\GitHub\INFOMGP-Practical3\libigl\external\tetgen\tetgen.cxx(2592,1): warning C4996: 'fopen': This function or variable may be unsafe. Consider using fopen_s instead. To disable deprecation, use _CRT_SECURE_NO_WARNINGS. See online help for details.
C:\Program Files (x86)\Windows Kits\10\Include\10.0.18362.0\ucrt\stdio.h(208): message : see declaration of 'fopen'
C:\Users\kikih\Documents\GitHub\INFOMGP-Practical3\libigl\external\tetgen\tetgen.cxx(2618,1): warning C4996: 'sprintf': This function or variable may be unsafe. Consider using sprintf_s instead. To disable deprecation, use _CRT_SECURE_NO_WARNINGS. See online help for details.
C:\Program Files (x86)\Windows Kits\10\Include\10.0.18362.0\ucrt\stdio.h(1774): message : see declaration of 'sprintf'
C:\Users\kikih\Documents\GitHub\INFOMGP-Practical3\libigl\external\tetgen\tetgen.cxx(2620,1): warning C4996: 'fopen': This function or variable may be unsafe. Consider using fopen_s instead. To disable deprecation, use _CRT_SECURE_NO_WARNINGS. See online help for details.
C:\Program Files (x86)\Windows Kits\10\Include\10.0.18362.0\ucrt\stdio.h(208): message : see declaration of 'fopen'
C:\Users\kikih\Documents\GitHub\INFOMGP-Practical3\libigl\external\tetgen\tetgen.cxx(2653,1): warning C4996: 'sprintf': This function or variable may be unsafe. Consider using sprintf_s instead. To disable deprecation, use _CRT_SECURE_NO_WARNINGS. See online help for details.
C:\Program Files (x86)\Windows Kits\10\Include\10.0.18362.0\ucrt\stdio.h(1774): message : see declaration of 'sprintf'
C:\Users\kikih\Documents\GitHub\INFOMGP-Practical3\libigl\external\tetgen\tetgen.cxx(2655,1): warning C4996: 'fopen': This function or variable may be unsafe. Consider using fopen_s instead. To disable deprecation, use _CRT_SECURE_NO_WARNINGS. See online help for details.
C:\Program Files (x86)\Windows Kits\10\Include\10.0.18362.0\ucrt\stdio.h(208): message : see declaration of 'fopen'
C:\Users\kikih\Documents\GitHub\INFOMGP-Practical3\libigl\external\tetgen\tetgen.cxx(2751,1): warning C4996: 'sprintf': This function or variable may be unsafe. Consider using sprintf_s instead. To disable deprecation, use _CRT_SECURE_NO_WARNINGS. See online help for details.
C:\Program Files (x86)\Windows Kits\10\Include\10.0.18362.0\ucrt\stdio.h(1774): message : see declaration of 'sprintf'
C:\Users\kikih\Documents\GitHub\INFOMGP-Practical3\libigl\external\tetgen\tetgen.cxx(2753,1): warning C4996: 'fopen': This function or variable may be unsafe. Consider using fopen_s instead. To disable deprecation, use _CRT_SECURE_NO_WARNINGS. See online help for details.
C:\Program Files (x86)\Windows Kits\10\Include\10.0.18362.0\ucrt\stdio.h(208): message : see declaration of 'fopen'
C:\Users\kikih\Documents\GitHub\INFOMGP-Practical3\libigl\external\tetgen\tetgen.cxx(3046,5): warning C4996: 'strcpy': This function or variable may be unsafe. Consider using strcpy_s instead. To disable deprecation, use _CRT_SECURE_NO_WARNINGS. See online help for details.
C:\Program Files (x86)\Windows Kits\10\Include\10.0.18362.0\ucrt\string.h(133): message : see declaration of 'strcpy'
C:\Users\kikih\Documents\GitHub\INFOMGP-Practical3\libigl\external\tetgen\tetgen.cxx(3047,5): warning C4996: 'strcat': This function or variable may be unsafe. Consider using strcat_s instead. To disable deprecation, use _CRT_SECURE_NO_WARNINGS. See online help for details.
C:\Program Files (x86)\Windows Kits\10\Include\10.0.18362.0\ucrt\string.h(90): message : see declaration of 'strcat'
C:\Users\kikih\Documents\GitHub\INFOMGP-Practical3\libigl\external\tetgen\tetgen.cxx(3052,5): warning C4996: 'strcat': This function or variable may be unsafe. Consider using strcat_s instead. To disable deprecation, use _CRT_SECURE_NO_WARNINGS. See online help for details.
C:\Program Files (x86)\Windows Kits\10\Include\10.0.18362.0\ucrt\string.h(90): message : see declaration of 'strcat'
C:\Users\kikih\Documents\GitHub\INFOMGP-Practical3\libigl\external\tetgen\tetgen.cxx(3053,5): warning C4996: 'strcat': This function or variable may be unsafe. Consider using strcat_s instead. To disable deprecation, use _CRT_SECURE_NO_WARNINGS. See online help for details.
C:\Program Files (x86)\Windows Kits\10\Include\10.0.18362.0\ucrt\string.h(90): message : see declaration of 'strcat'
C:\Users\kikih\Documents\GitHub\INFOMGP-Practical3\libigl\external\tetgen\tetgen.cxx(3246,42): warning C4244: '=': conversion from 'double' to 'int', possible loss of data
C:\Users\kikih\Documents\GitHub\INFOMGP-Practical3\libigl\external\tetgen\tetgen.cxx(3455,5): warning C4996: 'strcpy': This function or variable may be unsafe. Consider using strcpy_s instead. To disable deprecation, use _CRT_SECURE_NO_WARNINGS. See online help for details.
C:\Program Files (x86)\Windows Kits\10\Include\10.0.18362.0\ucrt\string.h(133): message : see declaration of 'strcpy'
C:\Users\kikih\Documents\GitHub\INFOMGP-Practical3\libigl\external\tetgen\tetgen.cxx(3576,3): warning C4996: 'strcpy': This function or variable may be unsafe. Consider using strcpy_s instead. To disable deprecation, use _CRT_SECURE_NO_WARNINGS. See online help for details.
C:\Program Files (x86)\Windows Kits\10\Include\10.0.18362.0\ucrt\string.h(133): message : see declaration of 'strcpy'
C:\Users\kikih\Documents\GitHub\INFOMGP-Practical3\libigl\external\tetgen\tetgen.cxx(3597,5): warning C4996: 'strcpy': This function or variable may be unsafe. Consider using strcpy_s instead. To disable deprecation, use _CRT_SECURE_NO_WARNINGS. See online help for details.
C:\Program Files (x86)\Windows Kits\10\Include\10.0.18362.0\ucrt\string.h(133): message : see declaration of 'strcpy'
C:\Users\kikih\Documents\GitHub\INFOMGP-Practical3\libigl\external\tetgen\tetgen.cxx(3599,5): warning C4996: 'strcpy': This function or variable may be unsafe. Consider using strcpy_s instead. To disable deprecation, use _CRT_SECURE_NO_WARNINGS. See online help for details.
C:\Program Files (x86)\Windows Kits\10\Include\10.0.18362.0\ucrt\string.h(133): message : see declaration of 'strcpy'
C:\Users\kikih\Documents\GitHub\INFOMGP-Practical3\libigl\external\tetgen\tetgen.cxx(3600,5): warning C4996: 'strcat': This function or variable may be unsafe. Consider using strcat_s instead. To disable deprecation, use _CRT_SECURE_NO_WARNINGS. See online help for details.
C:\Program Files (x86)\Windows Kits\10\Include\10.0.18362.0\ucrt\string.h(90): message : see declaration of 'strcat'
C:\Users\kikih\Documents\GitHub\INFOMGP-Practical3\libigl\external\tetgen\tetgen.cxx(3608,3): warning C4996: 'strcpy': This function or variable may be unsafe. Consider using strcpy_s instead. To disable deprecation, use _CRT_SECURE_NO_WARNINGS. See online help for details.
C:\Program Files (x86)\Windows Kits\10\Include\10.0.18362.0\ucrt\string.h(133): message : see declaration of 'strcpy'
C:\Users\kikih\Documents\GitHub\INFOMGP-Practical3\libigl\external\tetgen\tetgen.cxx(3609,3): warning C4996: 'strcat': This function or variable may be unsafe. Consider using strcat_s instead. To disable deprecation, use _CRT_SECURE_NO_WARNINGS. See online help for details.
C:\Program Files (x86)\Windows Kits\10\Include\10.0.18362.0\ucrt\string.h(90): message : see declaration of 'strcat'
C:\Users\kikih\Documents\GitHub\INFOMGP-Practical3\libigl\external\tetgen\tetgen.cxx(3611,3): warning C4996: 'strcpy': This function or variable may be unsafe. Consider using strcpy_s instead. To disable deprecation, use _CRT_SECURE_NO_WARNINGS. See online help for details.
C:\Program Files (x86)\Windows Kits\10\Include\10.0.18362.0\ucrt\string.h(133): message : see declaration of 'strcpy'
C:\Users\kikih\Documents\GitHub\INFOMGP-Practical3\libigl\external\tetgen\tetgen.cxx(3612,3): warning C4996: 'strcat': This function or variable may be unsafe. Consider using strcat_s instead. To disable deprecation, use _CRT_SECURE_NO_WARNINGS. See online help for details.
C:\Program Files (x86)\Windows Kits\10\Include\10.0.18362.0\ucrt\string.h(90): message : see declaration of 'strcat'
C:\Users\kikih\Documents\GitHub\INFOMGP-Practical3\libigl\external\tetgen\tetgen.cxx(3057,1): warning C4996: 'strncpy': This function or variable may be unsafe. Consider using strncpy_s instead. To disable deprecation, use _CRT_SECURE_NO_WARNINGS. See online help for details.
C:\Program Files (x86)\Windows Kits\10\Include\10.0.18362.0\ucrt\string.h(338): message : see declaration of 'strncpy'
C:\Users\kikih\Documents\GitHub\INFOMGP-Practical3\libigl\external\tetgen\tetgen.cxx(3437,1): warning C4996: 'strncpy': This function or variable may be unsafe. Consider using strncpy_s instead. To disable deprecation, use _CRT_SECURE_NO_WARNINGS. See online help for details.
C:\Program Files (x86)\Windows Kits\10\Include\10.0.18362.0\ucrt\string.h(338): message : see declaration of 'strncpy'
C:\Users\kikih\Documents\GitHub\INFOMGP-Practical3\libigl\external\tetgen\tetgen.cxx(3605,1): warning C4996: 'sprintf': This function or variable may be unsafe. Consider using sprintf_s instead. To disable deprecation, use _CRT_SECURE_NO_WARNINGS. See online help for details.
C:\Program Files (x86)\Windows Kits\10\Include\10.0.18362.0\ucrt\stdio.h(1774): message : see declaration of 'sprintf'
C:\Users\kikih\Documents\GitHub\INFOMGP-Practical3\libigl\external\tetgen\tetgen.cxx(11551,24): warning C4244: '=': conversion from 'double' to 'int', possible loss of data
C:\Users\kikih\Documents\GitHub\INFOMGP-Practical3\libigl\external\tetgen\tetgen.cxx(22597,5): warning C4996: 'strcpy': This function or variable may be unsafe. Consider using strcpy_s instead. To disable deprecation, use _CRT_SECURE_NO_WARNINGS. See online help for details.
C:\Program Files (x86)\Windows Kits\10\Include\10.0.18362.0\ucrt\string.h(133): message : see declaration of 'strcpy'
C:\Users\kikih\Documents\GitHub\INFOMGP-Practical3\libigl\external\tetgen\tetgen.cxx(28161,18): warning C4477: 'printf' : format string '%lx' requires an argument of type 'unsigned long', but variadic argument 1 has type 'uintptr_t'
C:\Users\kikih\Documents\GitHub\INFOMGP-Practical3\libigl\external\tetgen\tetgen.cxx(28161,18): message : consider using '%llx' in the format string
C:\Users\kikih\Documents\GitHub\INFOMGP-Practical3\libigl\external\tetgen\tetgen.cxx(28161,18): message : consider using '%Ix' in the format string
C:\Users\kikih\Documents\GitHub\INFOMGP-Practical3\libigl\external\tetgen\tetgen.cxx(28161,18): message : consider using '%I64x' in the format string
C:\Users\kikih\Documents\GitHub\INFOMGP-Practical3\libigl\external\tetgen\tetgen.cxx(28164,18): warning C4477: 'printf' : format string '%lx' requires an argument of type 'unsigned long', but variadic argument 1 has type 'uintptr_t'
C:\Users\kikih\Documents\GitHub\INFOMGP-Practical3\libigl\external\tetgen\tetgen.cxx(28164,18): message : consider using '%llx' in the format string
C:\Users\kikih\Documents\GitHub\INFOMGP-Practical3\libigl\external\tetgen\tetgen.cxx(28164,18): message : consider using '%Ix' in the format string
C:\Users\kikih\Documents\GitHub\INFOMGP-Practical3\libigl\external\tetgen\tetgen.cxx(28164,18): message : consider using '%I64x' in the format string
C:\Users\kikih\Documents\GitHub\INFOMGP-Practical3\libigl\external\tetgen\tetgen.cxx(28172,19): warning C4477: 'printf' : format string '%lx' requires an argument of type 'unsigned long', but variadic argument 1 has type 'uintptr_t'
C:\Users\kikih\Documents\GitHub\INFOMGP-Practical3\libigl\external\tetgen\tetgen.cxx(28172,19): message : consider using '%llx' in the format string
C:\Users\kikih\Documents\GitHub\INFOMGP-Practical3\libigl\external\tetgen\tetgen.cxx(28172,19): message : consider using '%Ix' in the format string
C:\Users\kikih\Documents\GitHub\INFOMGP-Practical3\libigl\external\tetgen\tetgen.cxx(28172,19): message : consider using '%I64x' in the format string
C:\Users\kikih\Documents\GitHub\INFOMGP-Practical3\libigl\external\tetgen\tetgen.cxx(28175,19): warning C4477: 'printf' : format string '%lx' requires an argument of type 'unsigned long', but variadic argument 1 has type 'uintptr_t'
C:\Users\kikih\Documents\GitHub\INFOMGP-Practical3\libigl\external\tetgen\tetgen.cxx(28175,19): message : consider using '%llx' in the format string
C:\Users\kikih\Documents\GitHub\INFOMGP-Practical3\libigl\external\tetgen\tetgen.cxx(28175,19): message : consider using '%Ix' in the format string
C:\Users\kikih\Documents\GitHub\INFOMGP-Practical3\libigl\external\tetgen\tetgen.cxx(28175,19): message : consider using '%I64x' in the format string
C:\Users\kikih\Documents\GitHub\INFOMGP-Practical3\libigl\external\tetgen\tetgen.cxx(28184,19): warning C4477: 'printf' : format string '%lx' requires an argument of type 'unsigned long', but variadic argument 1 has type 'uintptr_t'
C:\Users\kikih\Documents\GitHub\INFOMGP-Practical3\libigl\external\tetgen\tetgen.cxx(28184,19): message : consider using '%llx' in the format string
C:\Users\kikih\Documents\GitHub\INFOMGP-Practical3\libigl\external\tetgen\tetgen.cxx(28184,19): message : consider using '%Ix' in the format string
C:\Users\kikih\Documents\GitHub\INFOMGP-Practical3\libigl\external\tetgen\tetgen.cxx(28184,19): message : consider using '%I64x' in the format string
C:\Users\kikih\Documents\GitHub\INFOMGP-Practical3\libigl\external\tetgen\tetgen.cxx(28187,19): warning C4477: 'printf' : format string '%lx' requires an argument of type 'unsigned long', but variadic argument 1 has type 'uintptr_t'
C:\Users\kikih\Documents\GitHub\INFOMGP-Practical3\libigl\external\tetgen\tetgen.cxx(28187,19): message : consider using '%llx' in the format string
C:\Users\kikih\Documents\GitHub\INFOMGP-Practical3\libigl\external\tetgen\tetgen.cxx(28187,19): message : consider using '%Ix' in the format string
C:\Users\kikih\Documents\GitHub\INFOMGP-Practical3\libigl\external\tetgen\tetgen.cxx(28187,19): message : consider using '%I64x' in the format string
C:\Users\kikih\Documents\GitHub\INFOMGP-Practical3\libigl\external\tetgen\tetgen.cxx(28201,18): warning C4477: 'printf' : format string '%lx' requires an argument of type 'unsigned long', but variadic argument 1 has type 'uintptr_t'
C:\Users\kikih\Documents\GitHub\INFOMGP-Practical3\libigl\external\tetgen\tetgen.cxx(28201,18): message : consider using '%llx' in the format string
C:\Users\kikih\Documents\GitHub\INFOMGP-Practical3\libigl\external\tetgen\tetgen.cxx(28201,18): message : consider using '%Ix' in the format string
C:\Users\kikih\Documents\GitHub\INFOMGP-Practical3\libigl\external\tetgen\tetgen.cxx(28201,18): message : consider using '%I64x' in the format string
C:\Users\kikih\Documents\GitHub\INFOMGP-Practical3\libigl\external\tetgen\tetgen.cxx(28204,18): warning C4477: 'printf' : format string '%lx' requires an argument of type 'unsigned long', but variadic argument 1 has type 'uintptr_t'
C:\Users\kikih\Documents\GitHub\INFOMGP-Practical3\libigl\external\tetgen\tetgen.cxx(28204,18): message : consider using '%llx' in the format string
C:\Users\kikih\Documents\GitHub\INFOMGP-Practical3\libigl\external\tetgen\tetgen.cxx(28204,18): message : consider using '%Ix' in the format string
C:\Users\kikih\Documents\GitHub\INFOMGP-Practical3\libigl\external\tetgen\tetgen.cxx(28204,18): message : consider using '%I64x' in the format string
C:\Users\kikih\Documents\GitHub\INFOMGP-Practical3\libigl\external\tetgen\tetgen.cxx(28210,20): warning C4477: 'printf' : format string '%lx' requires an argument of type 'unsigned long', but variadic argument 1 has type 'uintptr_t'
C:\Users\kikih\Documents\GitHub\INFOMGP-Practical3\libigl\external\tetgen\tetgen.cxx(28210,20): message : consider using '%llx' in the format string
C:\Users\kikih\Documents\GitHub\INFOMGP-Practical3\libigl\external\tetgen\tetgen.cxx(28210,20): message : consider using '%Ix' in the format string
C:\Users\kikih\Documents\GitHub\INFOMGP-Practical3\libigl\external\tetgen\tetgen.cxx(28210,20): message : consider using '%I64x' in the format string
C:\Users\kikih\Documents\GitHub\INFOMGP-Practical3\libigl\external\tetgen\tetgen.cxx(28213,20): warning C4477: 'printf' : format string '%lx' requires an argument of type 'unsigned long', but variadic argument 1 has type 'uintptr_t'
C:\Users\kikih\Documents\GitHub\INFOMGP-Practical3\libigl\external\tetgen\tetgen.cxx(28213,20): message : consider using '%llx' in the format string
C:\Users\kikih\Documents\GitHub\INFOMGP-Practical3\libigl\external\tetgen\tetgen.cxx(28213,20): message : consider using '%Ix' in the format string
C:\Users\kikih\Documents\GitHub\INFOMGP-Practical3\libigl\external\tetgen\tetgen.cxx(28213,20): message : consider using '%I64x' in the format string
C:\Users\kikih\Documents\GitHub\INFOMGP-Practical3\libigl\external\tetgen\tetgen.cxx(28227,16): warning C4477: 'printf' : format string '%lx' requires an argument of type 'unsigned long', but variadic argument 1 has type 'uintptr_t'
C:\Users\kikih\Documents\GitHub\INFOMGP-Practical3\libigl\external\tetgen\tetgen.cxx(28227,16): message : consider using '%llx' in the format string
C:\Users\kikih\Documents\GitHub\INFOMGP-Practical3\libigl\external\tetgen\tetgen.cxx(28227,16): message : consider using '%Ix' in the format string
C:\Users\kikih\Documents\GitHub\INFOMGP-Practical3\libigl\external\tetgen\tetgen.cxx(28227,16): message : consider using '%I64x' in the format string
C:\Users\kikih\Documents\GitHub\INFOMGP-Practical3\libigl\external\tetgen\tetgen.cxx(28230,16): warning C4477: 'printf' : format string '%lx' requires an argument of type 'unsigned long', but variadic argument 1 has type 'uintptr_t'
C:\Users\kikih\Documents\GitHub\INFOMGP-Practical3\libigl\external\tetgen\tetgen.cxx(28230,16): message : consider using '%llx' in the format string
C:\Users\kikih\Documents\GitHub\INFOMGP-Practical3\libigl\external\tetgen\tetgen.cxx(28230,16): message : consider using '%Ix' in the format string
C:\Users\kikih\Documents\GitHub\INFOMGP-Practical3\libigl\external\tetgen\tetgen.cxx(28230,16): message : consider using '%I64x' in the format string
C:\Users\kikih\Documents\GitHub\INFOMGP-Practical3\libigl\external\tetgen\tetgen.cxx(28236,18): warning C4477: 'printf' : format string '%lx' requires an argument of type 'unsigned long', but variadic argument 1 has type 'uintptr_t'
C:\Users\kikih\Documents\GitHub\INFOMGP-Practical3\libigl\external\tetgen\tetgen.cxx(28236,18): message : consider using '%llx' in the format string
C:\Users\kikih\Documents\GitHub\INFOMGP-Practical3\libigl\external\tetgen\tetgen.cxx(28236,18): message : consider using '%Ix' in the format string
C:\Users\kikih\Documents\GitHub\INFOMGP-Practical3\libigl\external\tetgen\tetgen.cxx(28236,18): message : consider using '%I64x' in the format string
C:\Users\kikih\Documents\GitHub\INFOMGP-Practical3\libigl\external\tetgen\tetgen.cxx(28239,18): warning C4477: 'printf' : format string '%lx' requires an argument of type 'unsigned long', but variadic argument 1 has type 'uintptr_t'
C:\Users\kikih\Documents\GitHub\INFOMGP-Practical3\libigl\external\tetgen\tetgen.cxx(28239,18): message : consider using '%llx' in the format string
C:\Users\kikih\Documents\GitHub\INFOMGP-Practical3\libigl\external\tetgen\tetgen.cxx(28239,18): message : consider using '%Ix' in the format string
C:\Users\kikih\Documents\GitHub\INFOMGP-Practical3\libigl\external\tetgen\tetgen.cxx(28239,18): message : consider using '%I64x' in the format string
C:\Users\kikih\Documents\GitHub\INFOMGP-Practical3\libigl\external\tetgen\tetgen.cxx(28249,18): warning C4477: 'printf' : format string '%lx' requires an argument of type 'unsigned long', but variadic argument 1 has type 'uintptr_t'
C:\Users\kikih\Documents\GitHub\INFOMGP-Practical3\libigl\external\tetgen\tetgen.cxx(28249,18): message : consider using '%llx' in the format string
C:\Users\kikih\Documents\GitHub\INFOMGP-Practical3\libigl\external\tetgen\tetgen.cxx(28249,18): message : consider using '%Ix' in the format string
C:\Users\kikih\Documents\GitHub\INFOMGP-Practical3\libigl\external\tetgen\tetgen.cxx(28249,18): message : consider using '%I64x' in the format string
C:\Users\kikih\Documents\GitHub\INFOMGP-Practical3\libigl\external\tetgen\tetgen.cxx(28252,18): warning C4477: 'printf' : format string '%lx' requires an argument of type 'unsigned long', but variadic argument 1 has type 'uintptr_t'
C:\Users\kikih\Documents\GitHub\INFOMGP-Practical3\libigl\external\tetgen\tetgen.cxx(28252,18): message : consider using '%llx' in the format string
C:\Users\kikih\Documents\GitHub\INFOMGP-Practical3\libigl\external\tetgen\tetgen.cxx(28252,18): message : consider using '%Ix' in the format string
C:\Users\kikih\Documents\GitHub\INFOMGP-Practical3\libigl\external\tetgen\tetgen.cxx(28252,18): message : consider using '%I64x' in the format string
C:\Users\kikih\Documents\GitHub\INFOMGP-Practical3\libigl\external\tetgen\tetgen.cxx(28264,20): warning C4477: 'printf' : format string '%lx' requires an argument of type 'unsigned long', but variadic argument 1 has type 'uintptr_t'
C:\Users\kikih\Documents\GitHub\INFOMGP-Practical3\libigl\external\tetgen\tetgen.cxx(28264,20): message : consider using '%llx' in the format string
C:\Users\kikih\Documents\GitHub\INFOMGP-Practical3\libigl\external\tetgen\tetgen.cxx(28264,20): message : consider using '%Ix' in the format string
C:\Users\kikih\Documents\GitHub\INFOMGP-Practical3\libigl\external\tetgen\tetgen.cxx(28264,20): message : consider using '%I64x' in the format string
C:\Users\kikih\Documents\GitHub\INFOMGP-Practical3\libigl\external\tetgen\tetgen.cxx(28267,20): warning C4477: 'printf' : format string '%lx' requires an argument of type 'unsigned long', but variadic argument 1 has type 'uintptr_t'
C:\Users\kikih\Documents\GitHub\INFOMGP-Practical3\libigl\external\tetgen\tetgen.cxx(28267,20): message : consider using '%llx' in the format string
C:\Users\kikih\Documents\GitHub\INFOMGP-Practical3\libigl\external\tetgen\tetgen.cxx(28267,20): message : consider using '%Ix' in the format string
C:\Users\kikih\Documents\GitHub\INFOMGP-Practical3\libigl\external\tetgen\tetgen.cxx(28267,20): message : consider using '%I64x' in the format string
C:\Users\kikih\Documents\GitHub\INFOMGP-Practical3\libigl\external\tetgen\tetgen.cxx(28349,20): warning C4477: 'printf' : format string '%lx' requires an argument of type 'unsigned long', but variadic argument 1 has type 'uintptr_t'
C:\Users\kikih\Documents\GitHub\INFOMGP-Practical3\libigl\external\tetgen\tetgen.cxx(28349,20): message : consider using '%llx' in the format string
C:\Users\kikih\Documents\GitHub\INFOMGP-Practical3\libigl\external\tetgen\tetgen.cxx(28349,20): message : consider using '%Ix' in the format string
C:\Users\kikih\Documents\GitHub\INFOMGP-Practical3\libigl\external\tetgen\tetgen.cxx(28349,20): message : consider using '%I64x' in the format string
C:\Users\kikih\Documents\GitHub\INFOMGP-Practical3\libigl\external\tetgen\tetgen.cxx(28349,20): warning C4477: 'printf' : format string '%lx' requires an argument of type 'unsigned long', but variadic argument 6 has type 'uintptr_t'
C:\Users\kikih\Documents\GitHub\INFOMGP-Practical3\libigl\external\tetgen\tetgen.cxx(28349,20): message : consider using '%llx' in the format string
C:\Users\kikih\Documents\GitHub\INFOMGP-Practical3\libigl\external\tetgen\tetgen.cxx(28349,20): message : consider using '%Ix' in the format string
C:\Users\kikih\Documents\GitHub\INFOMGP-Practical3\libigl\external\tetgen\tetgen.cxx(28349,20): message : consider using '%I64x' in the format string
C:\Users\kikih\Documents\GitHub\INFOMGP-Practical3\libigl\external\tetgen\tetgen.cxx(28362,24): warning C4477: 'printf' : format string '%lx' requires an argument of type 'unsigned long', but variadic argument 1 has type 'uintptr_t'
C:\Users\kikih\Documents\GitHub\INFOMGP-Practical3\libigl\external\tetgen\tetgen.cxx(28362,24): message : consider using '%llx' in the format string
C:\Users\kikih\Documents\GitHub\INFOMGP-Practical3\libigl\external\tetgen\tetgen.cxx(28362,24): message : consider using '%Ix' in the format string
C:\Users\kikih\Documents\GitHub\INFOMGP-Practical3\libigl\external\tetgen\tetgen.cxx(28362,24): message : consider using '%I64x' in the format string
C:\Users\kikih\Documents\GitHub\INFOMGP-Practical3\libigl\external\tetgen\tetgen.cxx(28367,26): warning C4477: 'printf' : format string '%lx' requires an argument of type 'unsigned long', but variadic argument 1 has type 'uintptr_t'
C:\Users\kikih\Documents\GitHub\INFOMGP-Practical3\libigl\external\tetgen\tetgen.cxx(28367,26): message : consider using '%llx' in the format string
C:\Users\kikih\Documents\GitHub\INFOMGP-Practical3\libigl\external\tetgen\tetgen.cxx(28367,26): message : consider using '%Ix' in the format string
C:\Users\kikih\Documents\GitHub\INFOMGP-Practical3\libigl\external\tetgen\tetgen.cxx(28367,26): message : consider using '%I64x' in the format string
C:\Users\kikih\Documents\GitHub\INFOMGP-Practical3\libigl\external\tetgen\tetgen.cxx(28386,22): warning C4477: 'printf' : format string '%lx' requires an argument of type 'unsigned long', but variadic argument 1 has type 'uintptr_t'
C:\Users\kikih\Documents\GitHub\INFOMGP-Practical3\libigl\external\tetgen\tetgen.cxx(28386,22): message : consider using '%llx' in the format string
C:\Users\kikih\Documents\GitHub\INFOMGP-Practical3\libigl\external\tetgen\tetgen.cxx(28386,22): message : consider using '%Ix' in the format string
C:\Users\kikih\Documents\GitHub\INFOMGP-Practical3\libigl\external\tetgen\tetgen.cxx(28386,22): message : consider using '%I64x' in the format string
C:\Users\kikih\Documents\GitHub\INFOMGP-Practical3\libigl\external\tetgen\tetgen.cxx(28386,22): warning C4477: 'printf' : format string '%lx' requires an argument of type 'unsigned long', but variadic argument 6 has type 'uintptr_t'
C:\Users\kikih\Documents\GitHub\INFOMGP-Practical3\libigl\external\tetgen\tetgen.cxx(28386,22): message : consider using '%llx' in the format string
C:\Users\kikih\Documents\GitHub\INFOMGP-Practical3\libigl\external\tetgen\tetgen.cxx(28386,22): message : consider using '%Ix' in the format string
C:\Users\kikih\Documents\GitHub\INFOMGP-Practical3\libigl\external\tetgen\tetgen.cxx(28386,22): message : consider using '%I64x' in the format string
C:\Users\kikih\Documents\GitHub\INFOMGP-Practical3\libigl\external\tetgen\tetgen.cxx(28403,16): warning C4477: 'printf' : format string '%lx' requires an argument of type 'unsigned long', but variadic argument 5 has type 'uintptr_t'
C:\Users\kikih\Documents\GitHub\INFOMGP-Practical3\libigl\external\tetgen\tetgen.cxx(28403,16): message : consider using '%llx' in the format string
C:\Users\kikih\Documents\GitHub\INFOMGP-Practical3\libigl\external\tetgen\tetgen.cxx(28403,16): message : consider using '%Ix' in the format string
C:\Users\kikih\Documents\GitHub\INFOMGP-Practical3\libigl\external\tetgen\tetgen.cxx(28403,16): message : consider using '%I64x' in the format string
C:\Users\kikih\Documents\GitHub\INFOMGP-Practical3\libigl\external\tetgen\tetgen.cxx(28412,20): warning C4477: 'printf' : format string '%lx' requires an argument of type 'unsigned long', but variadic argument 5 has type 'uintptr_t'
C:\Users\kikih\Documents\GitHub\INFOMGP-Practical3\libigl\external\tetgen\tetgen.cxx(28412,20): message : consider using '%llx' in the format string
C:\Users\kikih\Documents\GitHub\INFOMGP-Practical3\libigl\external\tetgen\tetgen.cxx(28412,20): message : consider using '%Ix' in the format string
C:\Users\kikih\Documents\GitHub\INFOMGP-Practical3\libigl\external\tetgen\tetgen.cxx(28412,20): message : consider using '%I64x' in the format string
C:\Users\kikih\Documents\GitHub\INFOMGP-Practical3\libigl\external\tetgen\tetgen.cxx(28458,24): warning C4477: 'printf' : format string '%lx' requires an argument of type 'unsigned long', but variadic argument 5 has type 'uintptr_t'
C:\Users\kikih\Documents\GitHub\INFOMGP-Practical3\libigl\external\tetgen\tetgen.cxx(28458,24): message : consider using '%llx' in the format string
C:\Users\kikih\Documents\GitHub\INFOMGP-Practical3\libigl\external\tetgen\tetgen.cxx(28458,24): message : consider using '%Ix' in the format string
C:\Users\kikih\Documents\GitHub\INFOMGP-Practical3\libigl\external\tetgen\tetgen.cxx(28458,24): message : consider using '%I64x' in the format string
C:\Users\kikih\Documents\GitHub\INFOMGP-Practical3\libigl\external\tetgen\tetgen.cxx(28478,18): warning C4477: 'printf' : format string '%lx' requires an argument of type 'unsigned long', but variadic argument 4 has type 'uintptr_t'
C:\Users\kikih\Documents\GitHub\INFOMGP-Practical3\libigl\external\tetgen\tetgen.cxx(28478,18): message : consider using '%llx' in the format string
C:\Users\kikih\Documents\GitHub\INFOMGP-Practical3\libigl\external\tetgen\tetgen.cxx(28478,18): message : consider using '%Ix' in the format string
C:\Users\kikih\Documents\GitHub\INFOMGP-Practical3\libigl\external\tetgen\tetgen.cxx(28478,18): message : consider using '%I64x' in the format string
C:\Users\kikih\Documents\GitHub\INFOMGP-Practical3\libigl\external\tetgen\tetgen.cxx(29232,1): warning C4996: 'sprintf': This function or variable may be unsafe. Consider using sprintf_s instead. To disable deprecation, use _CRT_SECURE_NO_WARNINGS. See online help for details.
C:\Program Files (x86)\Windows Kits\10\Include\10.0.18362.0\ucrt\stdio.h(1774): message : see declaration of 'sprintf'
C:\Users\kikih\Documents\GitHub\INFOMGP-Practical3\libigl\external\tetgen\tetgen.cxx(29238,1): warning C4996: 'sprintf': This function or variable may be unsafe. Consider using sprintf_s instead. To disable deprecation, use _CRT_SECURE_NO_WARNINGS. See online help for details.
C:\Program Files (x86)\Windows Kits\10\Include\10.0.18362.0\ucrt\stdio.h(1774): message : see declaration of 'sprintf'
C:\Users\kikih\Documents\GitHub\INFOMGP-Practical3\libigl\external\tetgen\tetgen.cxx(29744,5): warning C4996: 'strcpy': This function or variable may be unsafe. Consider using strcpy_s instead. To disable deprecation, use _CRT_SECURE_NO_WARNINGS. See online help for details.
C:\Program Files (x86)\Windows Kits\10\Include\10.0.18362.0\ucrt\string.h(133): message : see declaration of 'strcpy'
C:\Users\kikih\Documents\GitHub\INFOMGP-Practical3\libigl\external\tetgen\tetgen.cxx(29745,5): warning C4996: 'strcat': This function or variable may be unsafe. Consider using strcat_s instead. To disable deprecation, use _CRT_SECURE_NO_WARNINGS. See online help for details.
C:\Program Files (x86)\Windows Kits\10\Include\10.0.18362.0\ucrt\string.h(90): message : see declaration of 'strcat'
C:\Users\kikih\Documents\GitHub\INFOMGP-Practical3\libigl\external\tetgen\tetgen.cxx(29764,1): warning C4996: 'fopen': This function or variable may be unsafe. Consider using fopen_s instead. To disable deprecation, use _CRT_SECURE_NO_WARNINGS. See online help for details.
C:\Program Files (x86)\Windows Kits\10\Include\10.0.18362.0\ucrt\stdio.h(208): message : see declaration of 'fopen'
C:\Users\kikih\Documents\GitHub\INFOMGP-Practical3\libigl\external\tetgen\tetgen.cxx(29938,5): warning C4996: 'strcpy': This function or variable may be unsafe. Consider using strcpy_s instead. To disable deprecation, use _CRT_SECURE_NO_WARNINGS. See online help for details.
C:\Program Files (x86)\Windows Kits\10\Include\10.0.18362.0\ucrt\string.h(133): message : see declaration of 'strcpy'
C:\Users\kikih\Documents\GitHub\INFOMGP-Practical3\libigl\external\tetgen\tetgen.cxx(29939,5): warning C4996: 'strcat': This function or variable may be unsafe. Consider using strcat_s instead. To disable deprecation, use _CRT_SECURE_NO_WARNINGS. See online help for details.
C:\Program Files (x86)\Windows Kits\10\Include\10.0.18362.0\ucrt\string.h(90): message : see declaration of 'strcat'
C:\Users\kikih\Documents\GitHub\INFOMGP-Practical3\libigl\external\tetgen\tetgen.cxx(29985,5): warning C4996: 'strcpy': This function or variable may be unsafe. Consider using strcpy_s instead. To disable deprecation, use _CRT_SECURE_NO_WARNINGS. See online help for details.
C:\Program Files (x86)\Windows Kits\10\Include\10.0.18362.0\ucrt\string.h(133): message : see declaration of 'strcpy'
C:\Users\kikih\Documents\GitHub\INFOMGP-Practical3\libigl\external\tetgen\tetgen.cxx(29986,5): warning C4996: 'strcat': This function or variable may be unsafe. Consider using strcat_s instead. To disable deprecation, use _CRT_SECURE_NO_WARNINGS. See online help for details.
C:\Program Files (x86)\Windows Kits\10\Include\10.0.18362.0\ucrt\string.h(90): message : see declaration of 'strcat'
C:\Users\kikih\Documents\GitHub\INFOMGP-Practical3\libigl\external\tetgen\tetgen.cxx(29951,1): warning C4996: 'fopen': This function or variable may be unsafe. Consider using fopen_s instead. To disable deprecation, use _CRT_SECURE_NO_WARNINGS. See online help for details.
C:\Program Files (x86)\Windows Kits\10\Include\10.0.18362.0\ucrt\stdio.h(208): message : see declaration of 'fopen'
C:\Users\kikih\Documents\GitHub\INFOMGP-Practical3\libigl\external\tetgen\tetgen.cxx(29998,1): warning C4996: 'fopen': This function or variable may be unsafe. Consider using fopen_s instead. To disable deprecation, use _CRT_SECURE_NO_WARNINGS. See online help for details.
C:\Program Files (x86)\Windows Kits\10\Include\10.0.18362.0\ucrt\stdio.h(208): message : see declaration of 'fopen'
C:\Users\kikih\Documents\GitHub\INFOMGP-Practical3\libigl\external\tetgen\tetgen.cxx(30075,5): warning C4996: 'strcpy': This function or variable may be unsafe. Consider using strcpy_s instead. To disable deprecation, use _CRT_SECURE_NO_WARNINGS. See online help for details.
C:\Program Files (x86)\Windows Kits\10\Include\10.0.18362.0\ucrt\string.h(133): message : see declaration of 'strcpy'
C:\Users\kikih\Documents\GitHub\INFOMGP-Practical3\libigl\external\tetgen\tetgen.cxx(30076,5): warning C4996: 'strcat': This function or variable may be unsafe. Consider using strcat_s instead. To disable deprecation, use _CRT_SECURE_NO_WARNINGS. See online help for details.
C:\Program Files (x86)\Windows Kits\10\Include\10.0.18362.0\ucrt\string.h(90): message : see declaration of 'strcat'
C:\Users\kikih\Documents\GitHub\INFOMGP-Practical3\libigl\external\tetgen\tetgen.cxx(30092,1): warning C4996: 'fopen': This function or variable may be unsafe. Consider using fopen_s instead. To disable deprecation, use _CRT_SECURE_NO_WARNINGS. See online help for details.
C:\Program Files (x86)\Windows Kits\10\Include\10.0.18362.0\ucrt\stdio.h(208): message : see declaration of 'fopen'
C:\Users\kikih\Documents\GitHub\INFOMGP-Practical3\libigl\external\tetgen\tetgen.cxx(30230,5): warning C4996: 'strcpy': This function or variable may be unsafe. Consider using strcpy_s instead. To disable deprecation, use _CRT_SECURE_NO_WARNINGS. See online help for details.
C:\Program Files (x86)\Windows Kits\10\Include\10.0.18362.0\ucrt\string.h(133): message : see declaration of 'strcpy'
C:\Users\kikih\Documents\GitHub\INFOMGP-Practical3\libigl\external\tetgen\tetgen.cxx(30231,5): warning C4996: 'strcat': This function or variable may be unsafe. Consider using strcat_s instead. To disable deprecation, use _CRT_SECURE_NO_WARNINGS. See online help for details.
C:\Program Files (x86)\Windows Kits\10\Include\10.0.18362.0\ucrt\string.h(90): message : see declaration of 'strcat'
C:\Users\kikih\Documents\GitHub\INFOMGP-Practical3\libigl\external\tetgen\tetgen.cxx(30404,4): warning C4996: 'strcpy': This function or variable may be unsafe. Consider using strcpy_s instead. To disable deprecation, use _CRT_SECURE_NO_WARNINGS. See online help for details.
C:\Program Files (x86)\Windows Kits\10\Include\10.0.18362.0\ucrt\string.h(133): message : see declaration of 'strcpy'
C:\Users\kikih\Documents\GitHub\INFOMGP-Practical3\libigl\external\tetgen\tetgen.cxx(30405,7): warning C4996: 'strcat': This function or variable may be unsafe. Consider using strcat_s instead. To disable deprecation, use _CRT_SECURE_NO_WARNINGS. See online help for details.
C:\Program Files (x86)\Windows Kits\10\Include\10.0.18362.0\ucrt\string.h(90): message : see declaration of 'strcat'
C:\Users\kikih\Documents\GitHub\INFOMGP-Practical3\libigl\external\tetgen\tetgen.cxx(30246,1): warning C4996: 'fopen': This function or variable may be unsafe. Consider using fopen_s instead. To disable deprecation, use _CRT_SECURE_NO_WARNINGS. See online help for details.
C:\Program Files (x86)\Windows Kits\10\Include\10.0.18362.0\ucrt\stdio.h(208): message : see declaration of 'fopen'
C:\Users\kikih\Documents\GitHub\INFOMGP-Practical3\libigl\external\tetgen\tetgen.cxx(30415,1): warning C4996: 'fopen': This function or variable may be unsafe. Consider using fopen_s instead. To disable deprecation, use _CRT_SECURE_NO_WARNINGS. See online help for details.
C:\Program Files (x86)\Windows Kits\10\Include\10.0.18362.0\ucrt\stdio.h(208): message : see declaration of 'fopen'
C:\Users\kikih\Documents\GitHub\INFOMGP-Practical3\libigl\external\tetgen\tetgen.cxx(30451,5): warning C4996: 'strcpy': This function or variable may be unsafe. Consider using strcpy_s instead. To disable deprecation, use _CRT_SECURE_NO_WARNINGS. See online help for details.
C:\Program Files (x86)\Windows Kits\10\Include\10.0.18362.0\ucrt\string.h(133): message : see declaration of 'strcpy'
C:\Users\kikih\Documents\GitHub\INFOMGP-Practical3\libigl\external\tetgen\tetgen.cxx(30452,5): warning C4996: 'strcat': This function or variable may be unsafe. Consider using strcat_s instead. To disable deprecation, use _CRT_SECURE_NO_WARNINGS. See online help for details.
C:\Program Files (x86)\Windows Kits\10\Include\10.0.18362.0\ucrt\string.h(90): message : see declaration of 'strcat'
C:\Users\kikih\Documents\GitHub\INFOMGP-Practical3\libigl\external\tetgen\tetgen.cxx(30464,1): warning C4996: 'fopen': This function or variable may be unsafe. Consider using fopen_s instead. To disable deprecation, use _CRT_SECURE_NO_WARNINGS. See online help for details.
C:\Program Files (x86)\Windows Kits\10\Include\10.0.18362.0\ucrt\stdio.h(208): message : see declaration of 'fopen'
C:\Users\kikih\Documents\GitHub\INFOMGP-Practical3\libigl\external\tetgen\tetgen.cxx(30555,5): warning C4996: 'strcpy': This function or variable may be unsafe. Consider using strcpy_s instead. To disable deprecation, use _CRT_SECURE_NO_WARNINGS. See online help for details.
C:\Program Files (x86)\Windows Kits\10\Include\10.0.18362.0\ucrt\string.h(133): message : see declaration of 'strcpy'
C:\Users\kikih\Documents\GitHub\INFOMGP-Practical3\libigl\external\tetgen\tetgen.cxx(30556,5): warning C4996: 'strcat': This function or variable may be unsafe. Consider using strcat_s instead. To disable deprecation, use _CRT_SECURE_NO_WARNINGS. See online help for details.
C:\Program Files (x86)\Windows Kits\10\Include\10.0.18362.0\ucrt\string.h(90): message : see declaration of 'strcat'
C:\Users\kikih\Documents\GitHub\INFOMGP-Practical3\libigl\external\tetgen\tetgen.cxx(30568,1): warning C4996: 'fopen': This function or variable may be unsafe. Consider using fopen_s instead. To disable deprecation, use _CRT_SECURE_NO_WARNINGS. See online help for details.
C:\Program Files (x86)\Windows Kits\10\Include\10.0.18362.0\ucrt\stdio.h(208): message : see declaration of 'fopen'
C:\Users\kikih\Documents\GitHub\INFOMGP-Practical3\libigl\external\tetgen\tetgen.cxx(30742,5): warning C4996: 'strcpy': This function or variable may be unsafe. Consider using strcpy_s instead. To disable deprecation, use _CRT_SECURE_NO_WARNINGS. See online help for details.
C:\Program Files (x86)\Windows Kits\10\Include\10.0.18362.0\ucrt\string.h(133): message : see declaration of 'strcpy'
C:\Users\kikih\Documents\GitHub\INFOMGP-Practical3\libigl\external\tetgen\tetgen.cxx(30743,5): warning C4996: 'strcat': This function or variable may be unsafe. Consider using strcat_s instead. To disable deprecation, use _CRT_SECURE_NO_WARNINGS. See online help for details.
C:\Program Files (x86)\Windows Kits\10\Include\10.0.18362.0\ucrt\string.h(90): message : see declaration of 'strcat'
C:\Users\kikih\Documents\GitHub\INFOMGP-Practical3\libigl\external\tetgen\tetgen.cxx(30935,6): warning C4996: 'strcpy': This function or variable may be unsafe. Consider using strcpy_s instead. To disable deprecation, use _CRT_SECURE_NO_WARNINGS. See online help for details.
C:\Program Files (x86)\Windows Kits\10\Include\10.0.18362.0\ucrt\string.h(133): message : see declaration of 'strcpy'
C:\Users\kikih\Documents\GitHub\INFOMGP-Practical3\libigl\external\tetgen\tetgen.cxx(30936,9): warning C4996: 'strcat': This function or variable may be unsafe. Consider using strcat_s instead. To disable deprecation, use _CRT_SECURE_NO_WARNINGS. See online help for details.
C:\Program Files (x86)\Windows Kits\10\Include\10.0.18362.0\ucrt\string.h(90): message : see declaration of 'strcat'
C:\Users\kikih\Documents\GitHub\INFOMGP-Practical3\libigl\external\tetgen\tetgen.cxx(30962,4): warning C4996: 'strcpy': This function or variable may be unsafe. Consider using strcpy_s instead. To disable deprecation, use _CRT_SECURE_NO_WARNINGS. See online help for details.
C:\Program Files (x86)\Windows Kits\10\Include\10.0.18362.0\ucrt\string.h(133): message : see declaration of 'strcpy'
C:\Users\kikih\Documents\GitHub\INFOMGP-Practical3\libigl\external\tetgen\tetgen.cxx(30963,7): warning C4996: 'strcat': This function or variable may be unsafe. Consider using strcat_s instead. To disable deprecation, use _CRT_SECURE_NO_WARNINGS. See online help for details.
C:\Program Files (x86)\Windows Kits\10\Include\10.0.18362.0\ucrt\string.h(90): message : see declaration of 'strcat'
C:\Users\kikih\Documents\GitHub\INFOMGP-Practical3\libigl\external\tetgen\tetgen.cxx(30770,1): warning C4996: 'fopen': This function or variable may be unsafe. Consider using fopen_s instead. To disable deprecation, use _CRT_SECURE_NO_WARNINGS. See online help for details.
C:\Program Files (x86)\Windows Kits\10\Include\10.0.18362.0\ucrt\stdio.h(208): message : see declaration of 'fopen'
C:\Users\kikih\Documents\GitHub\INFOMGP-Practical3\libigl\external\tetgen\tetgen.cxx(30946,1): warning C4996: 'fopen': This function or variable may be unsafe. Consider using fopen_s instead. To disable deprecation, use _CRT_SECURE_NO_WARNINGS. See online help for details.
C:\Program Files (x86)\Windows Kits\10\Include\10.0.18362.0\ucrt\stdio.h(208): message : see declaration of 'fopen'
C:\Users\kikih\Documents\GitHub\INFOMGP-Practical3\libigl\external\tetgen\tetgen.cxx(30973,1): warning C4996: 'fopen': This function or variable may be unsafe. Consider using fopen_s instead. To disable deprecation, use _CRT_SECURE_NO_WARNINGS. See online help for details.
C:\Program Files (x86)\Windows Kits\10\Include\10.0.18362.0\ucrt\stdio.h(208): message : see declaration of 'fopen'
C:\Users\kikih\Documents\GitHub\INFOMGP-Practical3\libigl\external\tetgen\tetgen.cxx(31020,5): warning C4996: 'strcpy': This function or variable may be unsafe. Consider using strcpy_s instead. To disable deprecation, use _CRT_SECURE_NO_WARNINGS. See online help for details.
C:\Program Files (x86)\Windows Kits\10\Include\10.0.18362.0\ucrt\string.h(133): message : see declaration of 'strcpy'
C:\Users\kikih\Documents\GitHub\INFOMGP-Practical3\libigl\external\tetgen\tetgen.cxx(31021,5): warning C4996: 'strcat': This function or variable may be unsafe. Consider using strcat_s instead. To disable deprecation, use _CRT_SECURE_NO_WARNINGS. See online help for details.
C:\Program Files (x86)\Windows Kits\10\Include\10.0.18362.0\ucrt\string.h(90): message : see declaration of 'strcat'
C:\Users\kikih\Documents\GitHub\INFOMGP-Practical3\libigl\external\tetgen\tetgen.cxx(31033,1): warning C4996: 'fopen': This function or variable may be unsafe. Consider using fopen_s instead. To disable deprecation, use _CRT_SECURE_NO_WARNINGS. See online help for details.
C:\Program Files (x86)\Windows Kits\10\Include\10.0.18362.0\ucrt\stdio.h(208): message : see declaration of 'fopen'
C:\Users\kikih\Documents\GitHub\INFOMGP-Practical3\libigl\external\tetgen\tetgen.cxx(31162,5): warning C4996: 'strcpy': This function or variable may be unsafe. Consider using strcpy_s instead. To disable deprecation, use _CRT_SECURE_NO_WARNINGS. See online help for details.
C:\Program Files (x86)\Windows Kits\10\Include\10.0.18362.0\ucrt\string.h(133): message : see declaration of 'strcpy'
C:\Users\kikih\Documents\GitHub\INFOMGP-Practical3\libigl\external\tetgen\tetgen.cxx(31163,5): warning C4996: 'strcat': This function or variable may be unsafe. Consider using strcat_s instead. To disable deprecation, use _CRT_SECURE_NO_WARNINGS. See online help for details.
C:\Program Files (x86)\Windows Kits\10\Include\10.0.18362.0\ucrt\string.h(90): message : see declaration of 'strcat'
C:\Users\kikih\Documents\GitHub\INFOMGP-Practical3\libigl\external\tetgen\tetgen.cxx(31177,1): warning C4996: 'fopen': This function or variable may be unsafe. Consider using fopen_s instead. To disable deprecation, use _CRT_SECURE_NO_WARNINGS. See online help for details.
C:\Program Files (x86)\Windows Kits\10\Include\10.0.18362.0\ucrt\stdio.h(208): message : see declaration of 'fopen'
C:\Users\kikih\Documents\GitHub\INFOMGP-Practical3\libigl\external\tetgen\tetgen.cxx(31272,5): warning C4996: 'strcpy': This function or variable may be unsafe. Consider using strcpy_s instead. To disable deprecation, use _CRT_SECURE_NO_WARNINGS. See online help for details.
C:\Program Files (x86)\Windows Kits\10\Include\10.0.18362.0\ucrt\string.h(133): message : see declaration of 'strcpy'
C:\Users\kikih\Documents\GitHub\INFOMGP-Practical3\libigl\external\tetgen\tetgen.cxx(31273,5): warning C4996: 'strcat': This function or variable may be unsafe. Consider using strcat_s instead. To disable deprecation, use _CRT_SECURE_NO_WARNINGS. See online help for details.
C:\Program Files (x86)\Windows Kits\10\Include\10.0.18362.0\ucrt\string.h(90): message : see declaration of 'strcat'
C:\Users\kikih\Documents\GitHub\INFOMGP-Practical3\libigl\external\tetgen\tetgen.cxx(31374,5): warning C4996: 'strcpy': This function or variable may be unsafe. Consider using strcpy_s instead. To disable deprecation, use _CRT_SECURE_NO_WARNINGS. See online help for details.
C:\Program Files (x86)\Windows Kits\10\Include\10.0.18362.0\ucrt\string.h(133): message : see declaration of 'strcpy'
C:\Users\kikih\Documents\GitHub\INFOMGP-Practical3\libigl\external\tetgen\tetgen.cxx(31375,5): warning C4996: 'strcat': This function or variable may be unsafe. Consider using strcat_s instead. To disable deprecation, use _CRT_SECURE_NO_WARNINGS. See online help for details.
C:\Program Files (x86)\Windows Kits\10\Include\10.0.18362.0\ucrt\string.h(90): message : see declaration of 'strcat'
C:\Users\kikih\Documents\GitHub\INFOMGP-Practical3\libigl\external\tetgen\tetgen.cxx(31476,5): warning C4996: 'strcpy': This function or variable may be unsafe. Consider using strcpy_s instead. To disable deprecation, use _CRT_SECURE_NO_WARNINGS. See online help for details.
C:\Program Files (x86)\Windows Kits\10\Include\10.0.18362.0\ucrt\string.h(133): message : see declaration of 'strcpy'
C:\Users\kikih\Documents\GitHub\INFOMGP-Practical3\libigl\external\tetgen\tetgen.cxx(31477,5): warning C4996: 'strcat': This function or variable may be unsafe. Consider using strcat_s instead. To disable deprecation, use _CRT_SECURE_NO_WARNINGS. See online help for details.
C:\Program Files (x86)\Windows Kits\10\Include\10.0.18362.0\ucrt\string.h(90): message : see declaration of 'strcat'
C:\Users\kikih\Documents\GitHub\INFOMGP-Practical3\libigl\external\tetgen\tetgen.cxx(31590,5): warning C4996: 'strcpy': This function or variable may be unsafe. Consider using strcpy_s instead. To disable deprecation, use _CRT_SECURE_NO_WARNINGS. See online help for details.
C:\Program Files (x86)\Windows Kits\10\Include\10.0.18362.0\ucrt\string.h(133): message : see declaration of 'strcpy'
C:\Users\kikih\Documents\GitHub\INFOMGP-Practical3\libigl\external\tetgen\tetgen.cxx(31591,5): warning C4996: 'strcat': This function or variable may be unsafe. Consider using strcat_s instead. To disable deprecation, use _CRT_SECURE_NO_WARNINGS. See online help for details.
C:\Program Files (x86)\Windows Kits\10\Include\10.0.18362.0\ucrt\string.h(90): message : see declaration of 'strcat'
C:\Users\kikih\Documents\GitHub\INFOMGP-Practical3\libigl\external\tetgen\tetgen.cxx(31322,1): warning C4996: 'fopen': This function or variable may be unsafe. Consider using fopen_s instead. To disable deprecation, use _CRT_SECURE_NO_WARNINGS. See online help for details.
C:\Program Files (x86)\Windows Kits\10\Include\10.0.18362.0\ucrt\stdio.h(208): message : see declaration of 'fopen'
C:\Users\kikih\Documents\GitHub\INFOMGP-Practical3\libigl\external\tetgen\tetgen.cxx(31387,1): warning C4996: 'fopen': This function or variable may be unsafe. Consider using fopen_s instead. To disable deprecation, use _CRT_SECURE_NO_WARNINGS. See online help for details.
C:\Program Files (x86)\Windows Kits\10\Include\10.0.18362.0\ucrt\stdio.h(208): message : see declaration of 'fopen'
C:\Users\kikih\Documents\GitHub\INFOMGP-Practical3\libigl\external\tetgen\tetgen.cxx(31489,1): warning C4996: 'fopen': This function or variable may be unsafe. Consider using fopen_s instead. To disable deprecation, use _CRT_SECURE_NO_WARNINGS. See online help for details.
C:\Program Files (x86)\Windows Kits\10\Include\10.0.18362.0\ucrt\stdio.h(208): message : see declaration of 'fopen'
C:\Users\kikih\Documents\GitHub\INFOMGP-Practical3\libigl\external\tetgen\tetgen.cxx(31603,1): warning C4996: 'fopen': This function or variable may be unsafe. Consider using fopen_s instead. To disable deprecation, use _CRT_SECURE_NO_WARNINGS. See online help for details.
C:\Program Files (x86)\Windows Kits\10\Include\10.0.18362.0\ucrt\stdio.h(208): message : see declaration of 'fopen'
C:\Users\kikih\Documents\GitHub\INFOMGP-Practical3\libigl\external\tetgen\tetgen.cxx(31727,5): warning C4996: 'strcpy': This function or variable may be unsafe. Consider using strcpy_s instead. To disable deprecation, use _CRT_SECURE_NO_WARNINGS. See online help for details.
C:\Program Files (x86)\Windows Kits\10\Include\10.0.18362.0\ucrt\string.h(133): message : see declaration of 'strcpy'
C:\Users\kikih\Documents\GitHub\INFOMGP-Practical3\libigl\external\tetgen\tetgen.cxx(31729,5): warning C4996: 'strcpy': This function or variable may be unsafe. Consider using strcpy_s instead. To disable deprecation, use _CRT_SECURE_NO_WARNINGS. See online help for details.
C:\Program Files (x86)\Windows Kits\10\Include\10.0.18362.0\ucrt\string.h(133): message : see declaration of 'strcpy'
C:\Users\kikih\Documents\GitHub\INFOMGP-Practical3\libigl\external\tetgen\tetgen.cxx(31731,5): warning C4996: 'strcpy': This function or variable may be unsafe. Consider using strcpy_s instead. To disable deprecation, use _CRT_SECURE_NO_WARNINGS. See online help for details.
C:\Program Files (x86)\Windows Kits\10\Include\10.0.18362.0\ucrt\string.h(133): message : see declaration of 'strcpy'
C:\Users\kikih\Documents\GitHub\INFOMGP-Practical3\libigl\external\tetgen\tetgen.cxx(31733,3): warning C4996: 'strcpy': This function or variable may be unsafe. Consider using strcpy_s instead. To disable deprecation, use _CRT_SECURE_NO_WARNINGS. See online help for details.
C:\Program Files (x86)\Windows Kits\10\Include\10.0.18362.0\ucrt\string.h(133): message : see declaration of 'strcpy'
C:\Users\kikih\Documents\GitHub\INFOMGP-Practical3\libigl\external\tetgen\tetgen.cxx(31734,3): warning C4996: 'strcat': This function or variable may be unsafe. Consider using strcat_s instead. To disable deprecation, use _CRT_SECURE_NO_WARNINGS. See online help for details.
C:\Program Files (x86)\Windows Kits\10\Include\10.0.18362.0\ucrt\string.h(90): message : see declaration of 'strcat'
C:\Users\kikih\Documents\GitHub\INFOMGP-Practical3\libigl\external\tetgen\tetgen.cxx(31735,3): warning C4996: 'strcat': This function or variable may be unsafe. Consider using strcat_s instead. To disable deprecation, use _CRT_SECURE_NO_WARNINGS. See online help for details.
C:\Program Files (x86)\Windows Kits\10\Include\10.0.18362.0\ucrt\string.h(90): message : see declaration of 'strcat'
C:\Users\kikih\Documents\GitHub\INFOMGP-Practical3\libigl\external\tetgen\tetgen.cxx(31740,1): warning C4996: 'fopen': This function or variable may be unsafe. Consider using fopen_s instead. To disable deprecation, use _CRT_SECURE_NO_WARNINGS. See online help for details.
C:\Program Files (x86)\Windows Kits\10\Include\10.0.18362.0\ucrt\stdio.h(208): message : see declaration of 'fopen'
C:\Users\kikih\Documents\GitHub\INFOMGP-Practical3\libigl\external\tetgen\tetgen.cxx(31830,5): warning C4996: 'strcpy': This function or variable may be unsafe. Consider using strcpy_s instead. To disable deprecation, use _CRT_SECURE_NO_WARNINGS. See online help for details.
C:\Program Files (x86)\Windows Kits\10\Include\10.0.18362.0\ucrt\string.h(133): message : see declaration of 'strcpy'
C:\Users\kikih\Documents\GitHub\INFOMGP-Practical3\libigl\external\tetgen\tetgen.cxx(31832,5): warning C4996: 'strcpy': This function or variable may be unsafe. Consider using strcpy_s instead. To disable deprecation, use _CRT_SECURE_NO_WARNINGS. See online help for details.
C:\Program Files (x86)\Windows Kits\10\Include\10.0.18362.0\ucrt\string.h(133): message : see declaration of 'strcpy'
C:\Users\kikih\Documents\GitHub\INFOMGP-Practical3\libigl\external\tetgen\tetgen.cxx(31834,5): warning C4996: 'strcpy': This function or variable may be unsafe. Consider using strcpy_s instead. To disable deprecation, use _CRT_SECURE_NO_WARNINGS. See online help for details.
C:\Program Files (x86)\Windows Kits\10\Include\10.0.18362.0\ucrt\string.h(133): message : see declaration of 'strcpy'
C:\Users\kikih\Documents\GitHub\INFOMGP-Practical3\libigl\external\tetgen\tetgen.cxx(31836,3): warning C4996: 'strcat': This function or variable may be unsafe. Consider using strcat_s instead. To disable deprecation, use _CRT_SECURE_NO_WARNINGS. See online help for details.
C:\Program Files (x86)\Windows Kits\10\Include\10.0.18362.0\ucrt\string.h(90): message : see declaration of 'strcat'
C:\Users\kikih\Documents\GitHub\INFOMGP-Practical3\libigl\external\tetgen\tetgen.cxx(31841,1): warning C4996: 'fopen': This function or variable may be unsafe. Consider using fopen_s instead. To disable deprecation, use _CRT_SECURE_NO_WARNINGS. See online help for details.
C:\Program Files (x86)\Windows Kits\10\Include\10.0.18362.0\ucrt\stdio.h(208): message : see declaration of 'fopen'
C:\Users\kikih\Documents\GitHub\INFOMGP-Practical3\libigl\external\tetgen\tetgen.cxx(31993,5): warning C4996: 'strcpy': This function or variable may be unsafe. Consider using strcpy_s instead. To disable deprecation, use _CRT_SECURE_NO_WARNINGS. See online help for details.
C:\Program Files (x86)\Windows Kits\10\Include\10.0.18362.0\ucrt\string.h(133): message : see declaration of 'strcpy'
C:\Users\kikih\Documents\GitHub\INFOMGP-Practical3\libigl\external\tetgen\tetgen.cxx(31995,5): warning C4996: 'strcpy': This function or variable may be unsafe. Consider using strcpy_s instead. To disable deprecation, use _CRT_SECURE_NO_WARNINGS. See online help for details.
C:\Program Files (x86)\Windows Kits\10\Include\10.0.18362.0\ucrt\string.h(133): message : see declaration of 'strcpy'
C:\Users\kikih\Documents\GitHub\INFOMGP-Practical3\libigl\external\tetgen\tetgen.cxx(31997,5): warning C4996: 'strcpy': This function or variable may be unsafe. Consider using strcpy_s instead. To disable deprecation, use _CRT_SECURE_NO_WARNINGS. See online help for details.
C:\Program Files (x86)\Windows Kits\10\Include\10.0.18362.0\ucrt\string.h(133): message : see declaration of 'strcpy'
C:\Users\kikih\Documents\GitHub\INFOMGP-Practical3\libigl\external\tetgen\tetgen.cxx(31999,3): warning C4996: 'strcat': This function or variable may be unsafe. Consider using strcat_s instead. To disable deprecation, use _CRT_SECURE_NO_WARNINGS. See online help for details.
C:\Program Files (x86)\Windows Kits\10\Include\10.0.18362.0\ucrt\string.h(90): message : see declaration of 'strcat'
C:\Users\kikih\Documents\GitHub\INFOMGP-Practical3\libigl\external\tetgen\tetgen.cxx(32004,1): warning C4996: 'fopen': This function or variable may be unsafe. Consider using fopen_s instead. To disable deprecation, use _CRT_SECURE_NO_WARNINGS. See online help for details.
C:\Program Files (x86)\Windows Kits\10\Include\10.0.18362.0\ucrt\stdio.h(208): message : see declaration of 'fopen'
  predicates.cxx
  Generating Code...
  tetgen.vcxproj -> C:\Users\kikih\Documents\GitHub\INFOMGP-Practical3\tetgen\Release\tetgen.lib
